<?xml version="1.0" encoding="UTF-8"?>
<!-- Generated by org.testng.reporters.JUnitReportReporter -->
<testsuite hostname="joga" failures="0" tests="1" name="com.rmgyantra.authenticationTest.oAuthTest" time="9.692" errors="0" timestamp="2021-12-16T09:43:03 IST" skipped="0">
  <testcase classname="com.rmgyantra.authenticationTest.oAuthTest" name="oAuth" time="9.692"/>
  <system-out/>
</testsuite> <!-- com.rmgyantra.authenticationTest.oAuthTest -->
